Input file: TeamN1P3.ss
   1: ;(define (not_main a b)
   2:  ; (display 5)
   3:   ;(newline)
   4: ;)
   5: 
   6: (define (multTest)
   7: 	(* 7 2)
   8: 	)
   9: 
  10: (define (plusTest n)
  11: 	(+ n 4 6)
  12: 	)
  13: 
  14: (define (plusMultTest n)
  15: 	(+ (* n 17) n (* 8 92))
  16: 	(+ 2 2)
  17: 	(+ n 4 6)
  18: 	)
  19: 
  20: (define (ifstmt a b)
  21: 	(if(< a b)
  22: 		a
  23: 		b
  24: 		)
  25: 	(if(>= a b)
  26: 		b
  27: 		)
  28: 	)
  29: 
  30: (define(funcAll a b c)
  31: 	(plusTest a)
  32: 	)
  33: 
  34: (define (predCheck b)
  35: 	(if (null? b)
  36: 		b
  37: 		)
  38: 	(if (not (list? b))
  39: 		7
  40: 		)
  41: 	)
  42: 
  43: (define (consTest a)
  44: 	(cons 'abcxyz '(1 2 3 4 5))
  45: 	)
  46: 
  47: (define (coutTest)
  48: 	(display (plusTest 2))
  49: 	)
  50: 
  51: (define (listopTest mylist)
  52: 	(cdr '(a b c))
  53: 	(cdr '(d e f))
  54: 	(car (cdr mylist))
  55: 	)
  56: 
  57: (define (main)
  58: 	)
0 errors found in input file
